2026-04-22 20:55:14.981 | INFO     | src.analysis.fleet_analyzer:__init__:20 - FleetAnalyzer başlatıldı
2026-04-22 20:55:15.033 | INFO     | src.reporting.report_generator:__init__:50 - ReportGenerator başlatıldı - Çıktı: C:\Users\mehme\greenwing-analytics\src\reporting\..\..\reports
2026-04-22 20:55:15.034 | INFO     | src.reporting.report_generator:generate_fleet_report:160 - Rapor üretimi başladı: Demo Airlines
2026-04-22 20:55:15.448 | ERROR    | src.reporting.report_generator:fig_to_base64:60 - Grafik base64 dönüşüm hatası: 
Image export using the "kaleido" engine requires the Kaleido package,
which can be installed using pip:

    $ pip install --upgrade kaleido

2026-04-22 20:55:15.482 | ERROR    | src.reporting.report_generator:fig_to_base64:60 - Grafik base64 dönüşüm hatası: 
Image export using the "kaleido" engine requires the Kaleido package,
which can be installed using pip:

    $ pip install --upgrade kaleido

2026-04-22 20:55:15.486 | INFO     | src.reporting.report_generator:generate_fleet_report:360 - HTML rapor kaydedildi: C:\Users\mehme\greenwing-analytics\src\reporting\..\..\reports\GreenWing_Demo_Airlines_Report_20260422_2055.html
2026-04-22 20:57:47.170 | INFO     | src.analysis.fleet_analyzer:__init__:20 - FleetAnalyzer başlatıldı
2026-04-22 20:57:47.228 | INFO     | src.reporting.report_generator:__init__:50 - ReportGenerator başlatıldı - Çıktı: C:\Users\mehme\greenwing-analytics\src\reporting\..\..\reports
2026-04-22 20:57:47.228 | INFO     | src.reporting.report_generator:generate_fleet_report:160 - Rapor üretimi başladı: Demo Airlines
2026-04-22 20:57:54.575 | INFO     | src.reporting.report_generator:generate_fleet_report:360 - HTML rapor kaydedildi: C:\Users\mehme\greenwing-analytics\src\reporting\..\..\reports\GreenWing_Demo_Airlines_Report_20260422_2057.html
2026-04-22 20:58:47.071 | INFO     | src.analysis.fleet_analyzer:__init__:20 - FleetAnalyzer başlatıldı
2026-04-22 20:58:47.095 | INFO     | src.reporting.report_generator:__init__:50 - ReportGenerator başlatıldı - Çıktı: C:\Users\mehme\greenwing-analytics\src\reporting\..\..\reports
2026-04-22 20:58:47.096 | INFO     | src.reporting.report_generator:generate_fleet_report:160 - Rapor üretimi başladı: Demo Airlines
2026-04-22 20:58:53.072 | INFO     | src.reporting.report_generator:generate_fleet_report:360 - HTML rapor kaydedildi: C:\Users\mehme\greenwing-analytics\src\reporting\..\..\reports\GreenWing_Demo_Airlines_Report_20260422_2058.html
